<?xml version="1.0" encoding="UTF-8"?>
<!-- Generated by org.testng.reporters.JUnitReportReporter -->
<testsuite hostname="COLLABPH1002987" failures="0" tests="1" name="com.POC.PB01_NewAccount" time="41.048" errors="0" timestamp="2023-12-21T11:38:37 CST" skipped="0">
  <testcase classname="com.POC.PB01_NewAccount" name="PB_01_NewAccount" time="41.048"/>
  <system-out>
    <![CDATA[    
Test case 1 : Start
Account Created
Beneficiary Account Created
Test case 1 : Finished
    ]]>
  </system-out>
</testsuite> <!-- com.POC.PB01_NewAccount -->
