<?xml version="1.0" encoding="UTF-8"?>
<!-- Generated by org.testng.reporters.JUnitReportReporter -->
<testsuite hostname="COLLABPH1002987" failures="0" tests="1" name="com.POC.PB02_ViewRaport" time="21.473" errors="0" timestamp="2023-12-21T11:38:37 CST" skipped="0">
  <testcase classname="com.POC.PB02_ViewRaport" name="PB_02_ViewRaport" time="21.473"/>
  <system-out>
    <![CDATA[    
Test case 2 : Start
Test case 2 : Finished
    ]]>
  </system-out>
</testsuite> <!-- com.POC.PB02_ViewRaport -->
