<?xml version="1.0" encoding="UTF-8"?>
<!-- Generated by org.testng.reporters.JUnitReportReporter -->
<testsuite hostname="COLLABPH1002987" failures="0" tests="1" name="com.POC.FinalExamPOC1" time="31.053" errors="0" timestamp="2023-12-07T11:50:32 CST" skipped="0">
  <testcase classname="com.POC.FinalExamPOC1" name="PB_01_NewAccount" time="31.053"/>
  <system-out>
    <![CDATA[    
Test case 1 : Start
Account Created
Beneficiary Account Created
Test case 1 : Finished
    ]]>
  </system-out>
</testsuite> <!-- com.POC.FinalExamPOC1 -->
