<?xml version="1.0" encoding="UTF-8"?>
<!-- Generated by org.testng.reporters.JUnitReportReporter -->
<testsuite hostname="COLLABPH1002987" failures="0" tests="1" name="com.POC.PB02_ViewRaport" time="19.216" errors="0" timestamp="2023-12-18T14:53:20 CST" skipped="0">
  <testcase classname="com.POC.PB02_ViewRaport" name="PB_02_ViewRaport" time="19.216"/>
  <system-out>
    <![CDATA[    
Test case 2 : Start
Amount Not Matched
Test case 2 : Finished
    ]]>
  </system-out>
</testsuite> <!-- com.POC.PB02_ViewRaport -->
