<?xml version="1.0" encoding="UTF-8"?>
<!-- Generated by org.testng.reporters.JUnitReportReporter -->
<testsuite hostname="COLLABPH1002987" failures="0" tests="1" name="com.POC.FinalExamPOC2" time="17.115" errors="0" timestamp="2023-12-07T11:50:32 CST" skipped="0">
  <testcase classname="com.POC.FinalExamPOC2" name="PB_02_ViewRaport" time="17.115"/>
  <system-out>
    <![CDATA[    
Test case 2 : Start
Amount Not Matched
Test case 2 : Finished
    ]]>
  </system-out>
</testsuite> <!-- com.POC.FinalExamPOC2 -->
