<?xml version="1.0" encoding="UTF-8"?>
<!-- Generated by org.testng.reporters.JUnitReportReporter -->
<testsuite hostname="COLLABPH1002987" failures="0" tests="1" name="com.POC.FinalExamPOC3" time="11.872" errors="0" timestamp="2023-12-07T11:50:32 CST" skipped="0">
  <testcase classname="com.POC.FinalExamPOC3" name="PB_04_DeleteAccount" time="11.872"/>
  <system-out>
    <![CDATA[    
Test case 4 Start
Account Erased
Invalid username or password
Test case 4 : Finished
    ]]>
  </system-out>
</testsuite> <!-- com.POC.FinalExamPOC3 -->
