<?xml version="1.0" encoding="UTF-8"?>
<!-- Generated by org.testng.reporters.JUnitReportReporter -->
<testsuite hostname="COLLABPH1002987" failures="0" tests="1" name="com.POC.PB04_DeleteAccount" time="13.671" errors="0" timestamp="2023-12-18T14:53:20 CST" skipped="0">
  <testcase classname="com.POC.PB04_DeleteAccount" name="PB_04_DeleteAccount" time="13.671"/>
  <system-out>
    <![CDATA[    
Test case 4 Start
Account Erased
Invalid username or password
Test case 4 : Finished
    ]]>
  </system-out>
</testsuite> <!-- com.POC.PB04_DeleteAccount -->
